<?xml version="1.0" encoding="UTF-8"?>
<testsuite xmlns:xsi="http://www.w3.org/2001/XMLSchema-instance" xsi:schemaLocation="https://maven.apache.org/surefire/maven-surefire-plugin/xsd/surefire-test-report.xsd" name="TestSuite" time="78.641" tests="6" errors="0" skipped="0" failures="1">
  <properties>
[...]
</properties>
  <testcase name="addtoCartTest" classname="com.guru99.qa.tests.Day3" time="1.589"/>
  <testcase name="comparePhoneTest" classname="com.guru99.qa.tests.Day4" time="10.102">
    <failure message="no such element: Unable to locate element: {&quot;method&quot;:&quot;xpath&quot;,&quot;selector&quot;:&quot;//a[@href=&apos;http://live.guru99.com/index.php/catalog/product_compare/add/product/1/uenc/aHR0cDovL2xpdmUuZ3VydTk5LmNvbS9pbmRleC5waHAvbW9iaWxlLmh0bWw,/form_key/4pJFRY3TWBdEkfTF/&apos;]&quot;}&#10;  (Session info: chrome=74.0.3729.131)&#10;  (Driver info: chromedriver=2.46.628402 (536cd7adbad73a3783fdc2cab92ab2ba7ec361e1),platform=Windows NT 10.0.17134 x86_64) (WARNING: The server did not provide any stacktrace information)&#10;Command duration or timeout: 0 milliseconds&#10;For documentation on this error, please visit: https://www.seleniumhq.org/exceptions/no_such_element.html&#10;Build info: version: &apos;3.141.59&apos;, revision: &apos;e82be7d358&apos;, time: &apos;2018-11-14T08:17:03&apos;&#10;System info: host: &apos;DEL-FJSMWS2&apos;, ip: &apos;192.168.1.17&apos;, os.name: &apos;Windows 10&apos;, os.arch: &apos;amd64&apos;, os.version: &apos;10.0&apos;, java.version: &apos;1.8.0_201&apos;&#10;Driver info: org.openqa.selenium.chrome.ChromeDriver&#10;Capabilities {acceptInsecureCerts: false, acceptSslCerts: false, applicationCacheEnabled: false, browserConnectionEnabled: false, browserName: chrome, chrome: {chromedriverVersion: 2.46.628402 (536cd7adbad73a..., userDataDir: C:\Users\SHALU~1.SIN\AppDat...}, cssSelectorsEnabled: true, databaseEnabled: false, goog:chromeOptions: {debuggerAddress: localhost:51450}, handlesAlerts: true, hasTouchScreen: false, javascriptEnabled: true, locationContextEnabled: true, mobileEmulationEnabled: false, nativeEvents: true, networkConnectionEnabled: false, pageLoadStrategy: normal, platform: XP, platformName: XP, proxy: Proxy(), rotatable: false, setWindowRect: true, strictFileInteractability: false, takesHeapSnapshot: true, takesScreenshot: true, timeouts: {implicit: 0, pageLoad: 300000, script: 30000}, unexpectedAlertBehaviour: ignore, unhandledPromptBehavior: ignore, version: 74.0.3729.131, webStorageEnabled: true}&#10;Session ID: e9ed84adba032e4bb0f4169dea25e6cd&#10;*** Element info: {Using=xpath, value=//a[@href=&apos;http://live.guru99.com/index.php/catalog/product_compare/add/product/1/uenc/aHR0cDovL2xpdmUuZ3VydTk5LmNvbS9pbmRleC5waHAvbW9iaWxlLmh0bWw,/form_key/4pJFRY3TWBdEkfTF/&apos;]}" type="org.openqa.selenium.NoSuchElementException">org.openqa.selenium.NoSuchElementException: 
no such element: Unable to locate element: {"method":"xpath","selector":"//a[@href='http://live.guru99.com/index.php/catalog/product_compare/add/product/1/uenc/aHR0cDovL2xpdmUuZ3VydTk5LmNvbS9pbmRleC5waHAvbW9iaWxlLmh0bWw,/form_key/4pJFRY3TWBdEkfTF/']"}
  (Session info: chrome=74.0.3729.131)
  (Driver info: chromedriver=2.46.628402 (536cd7adbad73a3783fdc2cab92ab2ba7ec361e1),platform=Windows NT 10.0.17134 x86_64) (WARNING: The server did not provide any stacktrace information)
Command duration or timeout: 0 milliseconds
For documentation on this error, please visit: https://www.seleniumhq.org/exceptions/no_such_element.html
Build info: version: '3.141.59', revision: 'e82be7d358', time: '2018-11-14T08:17:03'
System info: host: 'DEL-FJSMWS2', ip: '192.168.1.17', os.name: 'Windows 10', os.arch: 'amd64', os.version: '10.0', java.version: '1.8.0_201'
Driver info: org.openqa.selenium.chrome.ChromeDriver
Capabilities {acceptInsecureCerts: false, acceptSslCerts: false, applicationCacheEnabled: false, browserConnectionEnabled: false, browserName: chrome, chrome: {chromedriverVersion: 2.46.628402 (536cd7adbad73a..., userDataDir: C:\Users\SHALU~1.SIN\AppDat...}, cssSelectorsEnabled: true, databaseEnabled: false, goog:chromeOptions: {debuggerAddress: localhost:51450}, handlesAlerts: true, hasTouchScreen: false, javascriptEnabled: true, locationContextEnabled: true, mobileEmulationEnabled: false, nativeEvents: true, networkConnectionEnabled: false, pageLoadStrategy: normal, platform: XP, platformName: XP, proxy: Proxy(), rotatable: false, setWindowRect: true, strictFileInteractability: false, takesHeapSnapshot: true, takesScreenshot: true, timeouts: {implicit: 0, pageLoad: 300000, script: 30000}, unexpectedAlertBehaviour: ignore, unhandledPromptBehavior: ignore, version: 74.0.3729.131, webStorageEnabled: true}
Session ID: e9ed84adba032e4bb0f4169dea25e6cd
*** Element info: {Using=xpath, value=//a[@href='http://live.guru99.com/index.php/catalog/product_compare/add/product/1/uenc/aHR0cDovL2xpdmUuZ3VydTk5LmNvbS9pbmRleC5waHAvbW9iaWxlLmh0bWw,/form_key/4pJFRY3TWBdEkfTF/']}
	at com.guru99.qa.tests.Day4.comparePhoneTest(Day4.java:31)
</failure>
    <system-out><![CDATA[Before navigating to: 'http://live.guru99.com/index.php/'
Navigated to:'http://live.guru99.com/index.php/'
Trying to find Element By : By.xpath: //a[contains(text(),'Mobile')]
Found Element By : By.xpath: //a[contains(text(),'Mobile')]
Trying to click on: [[ChromeDriver: chrome on XP (e9ed84adba032e4bb0f4169dea25e6cd)] -> xpath: //a[contains(text(),'Mobile')]]
Clicked on: [[ChromeDriver: chrome on XP (e9ed84adba032e4bb0f4169dea25e6cd)] -> xpath: //a[contains(text(),'Mobile')]]
Trying to find Element By : By.xpath: //a[@href='http://live.guru99.com/index.php/catalog/product_compare/add/product/1/uenc/aHR0cDovL2xpdmUuZ3VydTk5LmNvbS9pbmRleC5waHAvbW9iaWxlLmh0bWw,/form_key/4pJFRY3TWBdEkfTF/']
Exception occured: org.openqa.selenium.NoSuchElementException: no such element: Unable to locate element: {"method":"xpath","selector":"//a[@href='http://live.guru99.com/index.php/catalog/product_compare/add/product/1/uenc/aHR0cDovL2xpdmUuZ3VydTk5LmNvbS9pbmRleC5waHAvbW9iaWxlLmh0bWw,/form_key/4pJFRY3TWBdEkfTF/']"}
  (Session info: chrome=74.0.3729.131)
  (Driver info: chromedriver=2.46.628402 (536cd7adbad73a3783fdc2cab92ab2ba7ec361e1),platform=Windows NT 10.0.17134 x86_64) (WARNING: The server did not provide any stacktrace information)
Command duration or timeout: 0 milliseconds
For documentation on this error, please visit: https://www.seleniumhq.org/exceptions/no_such_element.html
Build info: version: '3.141.59', revision: 'e82be7d358', time: '2018-11-14T08:17:03'
System info: host: 'DEL-FJSMWS2', ip: '192.168.1.17', os.name: 'Windows 10', os.arch: 'amd64', os.version: '10.0', java.version: '1.8.0_201'
Driver info: org.openqa.selenium.chrome.ChromeDriver
Capabilities {acceptInsecureCerts: false, acceptSslCerts: false, applicationCacheEnabled: false, browserConnectionEnabled: false, browserName: chrome, chrome: {chromedriverVersion: 2.46.628402 (536cd7adbad73a..., userDataDir: C:\Users\SHALU~1.SIN\AppDat...}, cssSelectorsEnabled: true, databaseEnabled: false, goog:chromeOptions: {debuggerAddress: localhost:51450}, handlesAlerts: true, hasTouchScreen: false, javascriptEnabled: true, locationContextEnabled: true, mobileEmulationEnabled: false, nativeEvents: true, networkConnectionEnabled: false, pageLoadStrategy: normal, platform: XP, platformName: XP, proxy: Proxy(), rotatable: false, setWindowRect: true, strictFileInteractability: false, takesHeapSnapshot: true, takesScreenshot: true, timeouts: {implicit: 0, pageLoad: 300000, script: 30000}, unexpectedAlertBehaviour: ignore, unhandledPromptBehavior: ignore, version: 74.0.3729.131, webStorageEnabled: true}
Session ID: e9ed84adba032e4bb0f4169dea25e6cd
*** Element info: {Using=xpath, value=//a[@href='http://live.guru99.com/index.php/catalog/product_compare/add/product/1/uenc/aHR0cDovL2xpdmUuZ3VydTk5LmNvbS9pbmRleC5waHAvbW9iaWxlLmh0bWw,/form_key/4pJFRY3TWBdEkfTF/']}
]]></system-out>
    <system-err><![CDATA[Starting ChromeDriver 2.46.628402 (536cd7adbad73a3783fdc2cab92ab2ba7ec361e1) on port 2702
Only local connections are allowed.
Please protect ports used by ChromeDriver and related test frameworks to prevent access by malicious code.
May 17, 2019 10:14:30 AM org.openqa.selenium.remote.ProtocolHandshake createSession
INFO: Detected dialect: OSS
]]></system-err>
  </testcase>
  <testcase name="createAccount" classname="com.guru99.qa.tests.Day5" time="7.153"/>
  <testcase name="getPageTitle" classname="com.guru99.qa.tests.Day1" time="0.062"/>
  <testcase name="SonyXperiaPriceMatchTest" classname="com.guru99.qa.tests.Day2" time="2.142"/>
  <testcase name="clickMobile" classname="com.guru99.qa.tests.Day1" time="6.949"/>
</testsuite>