<?xml version="1.0" encoding="UTF-8"?>
<testng-results skipped="0" failed="1" ignored="0" total="6" passed="5">
  <reporter-output>
  </reporter-output>
  <suite name="Guru99TestSuite" duration-ms="90842" started-at="2019-05-16T10:25:19Z" finished-at="2019-05-16T10:26:50Z">
    <groups>
    </groups>
    <test name="TestExcution" duration-ms="90842" started-at="2019-05-16T10:25:19Z" finished-at="2019-05-16T10:26:50Z">
      <class name="com.guru99.qa.tests.Day2">
        <test-method status="PASS" signature="setUp()[pri:0, instance:com.guru99.qa.tests.Day2@271053e1]" name="setUp" is-config="true" duration-ms="9490" started-at="2019-05-16T10:26:21Z" finished-at="2019-05-16T10:26:31Z">
          <reporter-output>
          </reporter-output>
        </test-method> <!-- setUp -->
        <test-method status="PASS" signature="SonyXperiaPriceMatchTest()[pri:1, instance:com.guru99.qa.tests.Day2@271053e1]" name="SonyXperiaPriceMatchTest" duration-ms="2623" started-at="2019-05-16T10:26:31Z" finished-at="2019-05-16T10:26:34Z">
          <reporter-output>
          </reporter-output>
        </test-method> <!-- SonyXperiaPriceMatchTest -->
        <test-method status="PASS" signature="close()[pri:0, instance:com.guru99.qa.tests.Day2@271053e1]" name="close" is-config="true" duration-ms="739" started-at="2019-05-16T10:26:34Z" finished-at="2019-05-16T10:26:34Z">
          <reporter-output>
          </reporter-output>
        </test-method> <!-- close -->
      </class> <!-- com.guru99.qa.tests.Day2 -->
      <class name="com.guru99.qa.tests.Day1">
        <test-method status="PASS" signature="setUp()[pri:0, instance:com.guru99.qa.tests.Day1@4f7d0008]" name="setUp" is-config="true" duration-ms="7199" started-at="2019-05-16T10:26:13Z" finished-at="2019-05-16T10:26:21Z">
          <reporter-output>
          </reporter-output>
        </test-method> <!-- setUp -->
        <test-method status="PASS" signature="getPageTitle()[pri:1, instance:com.guru99.qa.tests.Day1@4f7d0008]" name="getPageTitle" duration-ms="80" started-at="2019-05-16T10:26:21Z" finished-at="2019-05-16T10:26:21Z">
          <reporter-output>
          </reporter-output>
        </test-method> <!-- getPageTitle -->
        <test-method status="PASS" signature="close()[pri:0, instance:com.guru99.qa.tests.Day1@4f7d0008]" name="close" is-config="true" duration-ms="692" started-at="2019-05-16T10:26:21Z" finished-at="2019-05-16T10:26:21Z">
          <reporter-output>
          </reporter-output>
        </test-method> <!-- close -->
        <test-method status="PASS" signature="setUp()[pri:0, instance:com.guru99.qa.tests.Day1@4f7d0008]" name="setUp" is-config="true" duration-ms="7965" started-at="2019-05-16T10:26:34Z" finished-at="2019-05-16T10:26:42Z">
          <reporter-output>
          </reporter-output>
        </test-method> <!-- setUp -->
        <test-method status="PASS" signature="clickMobile()[pri:2, instance:com.guru99.qa.tests.Day1@4f7d0008]" name="clickMobile" duration-ms="7167" started-at="2019-05-16T10:26:42Z" finished-at="2019-05-16T10:26:49Z">
          <reporter-output>
          </reporter-output>
        </test-method> <!-- clickMobile -->
        <test-method status="PASS" signature="close()[pri:0, instance:com.guru99.qa.tests.Day1@4f7d0008]" name="close" is-config="true" duration-ms="719" started-at="2019-05-16T10:26:49Z" finished-at="2019-05-16T10:26:50Z">
          <reporter-output>
          </reporter-output>
        </test-method> <!-- close -->
      </class> <!-- com.guru99.qa.tests.Day1 -->
      <class name="com.guru99.qa.tests.Day4">
        <test-method status="PASS" signature="setUp()[pri:0, instance:com.guru99.qa.tests.Day4@42dafa95]" name="setUp" is-config="true" duration-ms="9702" started-at="2019-05-16T10:25:34Z" finished-at="2019-05-16T10:25:44Z">
          <reporter-output>
          </reporter-output>
        </test-method> <!-- setUp -->
        <test-method status="FAIL" signature="comparePhoneTest()[pri:0, instance:com.guru99.qa.tests.Day4@42dafa95]" name="comparePhoneTest" duration-ms="10086" started-at="2019-05-16T10:25:44Z" finished-at="2019-05-16T10:25:54Z">
          <exception class="org.openqa.selenium.NoSuchElementException">
            <message>
              <![CDATA[no such element: Unable to locate element: {"method":"xpath","selector":"//a[@href='http://live.guru99.com/index.php/catalog/product_compare/add/product/1/uenc/aHR0cDovL2xpdmUuZ3VydTk5LmNvbS9pbmRleC5waHAvbW9iaWxlLmh0bWw,/form_key/4pJFRY3TWBdEkfTF/']"}
  (Session info: chrome=74.0.3729.131)
  (Driver info: chromedriver=2.46.628402 (536cd7adbad73a3783fdc2cab92ab2ba7ec361e1),platform=Windows NT 10.0.17134 x86_64) (WARNING: The server did not provide any stacktrace information)
Command duration or timeout: 0 milliseconds
For documentation on this error, please visit: https://www.seleniumhq.org/exceptions/no_such_element.html
Build info: version: '3.141.59', revision: 'e82be7d358', time: '2018-11-14T08:17:03'
System info: host: 'DEL-FJSMWS2', ip: '192.168.1.17', os.name: 'Windows 10', os.arch: 'amd64', os.version: '10.0', java.version: '1.8.0_201'
Driver info: org.openqa.selenium.chrome.ChromeDriver
Capabilities {acceptInsecureCerts: false, acceptSslCerts: false, applicationCacheEnabled: false, browserConnectionEnabled: false, browserName: chrome, chrome: {chromedriverVersion: 2.46.628402 (536cd7adbad73a..., userDataDir: C:\Users\SHALU~1.SIN\AppDat...}, cssSelectorsEnabled: true, databaseEnabled: false, goog:chromeOptions: {debuggerAddress: localhost:56280}, handlesAlerts: true, hasTouchScreen: false, javascriptEnabled: true, locationContextEnabled: true, mobileEmulationEnabled: false, nativeEvents: true, networkConnectionEnabled: false, pageLoadStrategy: normal, platform: XP, platformName: XP, proxy: Proxy(), rotatable: false, setWindowRect: true, strictFileInteractability: false, takesHeapSnapshot: true, takesScreenshot: true, timeouts: {implicit: 0, pageLoad: 300000, script: 30000}, unexpectedAlertBehaviour: ignore, unhandledPromptBehavior: ignore, version: 74.0.3729.131, webStorageEnabled: true}
Session ID: 2e8d0b1ac18b0c71b2465db77b6fd273
*** Element info: {Using=xpath, value=//a[@href='http://live.guru99.com/index.php/catalog/product_compare/add/product/1/uenc/aHR0cDovL2xpdmUuZ3VydTk5LmNvbS9pbmRleC5waHAvbW9iaWxlLmh0bWw,/form_key/4pJFRY3TWBdEkfTF/']}]]>
            </message>
            <full-stacktrace>
              <![CDATA[org.openqa.selenium.NoSuchElementException: no such element: Unable to locate element: {"method":"xpath","selector":"//a[@href='http://live.guru99.com/index.php/catalog/product_compare/add/product/1/uenc/aHR0cDovL2xpdmUuZ3VydTk5LmNvbS9pbmRleC5waHAvbW9iaWxlLmh0bWw,/form_key/4pJFRY3TWBdEkfTF/']"}
  (Session info: chrome=74.0.3729.131)
  (Driver info: chromedriver=2.46.628402 (536cd7adbad73a3783fdc2cab92ab2ba7ec361e1),platform=Windows NT 10.0.17134 x86_64) (WARNING: The server did not provide any stacktrace information)
Command duration or timeout: 0 milliseconds
For documentation on this error, please visit: https://www.seleniumhq.org/exceptions/no_such_element.html
Build info: version: '3.141.59', revision: 'e82be7d358', time: '2018-11-14T08:17:03'
System info: host: 'DEL-FJSMWS2', ip: '192.168.1.17', os.name: 'Windows 10', os.arch: 'amd64', os.version: '10.0', java.version: '1.8.0_201'
Driver info: org.openqa.selenium.chrome.ChromeDriver
Capabilities {acceptInsecureCerts: false, acceptSslCerts: false, applicationCacheEnabled: false, browserConnectionEnabled: false, browserName: chrome, chrome: {chromedriverVersion: 2.46.628402 (536cd7adbad73a..., userDataDir: C:\Users\SHALU~1.SIN\AppDat...}, cssSelectorsEnabled: true, databaseEnabled: false, goog:chromeOptions: {debuggerAddress: localhost:56280}, handlesAlerts: true, hasTouchScreen: false, javascriptEnabled: true, locationContextEnabled: true, mobileEmulationEnabled: false, nativeEvents: true, networkConnectionEnabled: false, pageLoadStrategy: normal, platform: XP, platformName: XP, proxy: Proxy(), rotatable: false, setWindowRect: true, strictFileInteractability: false, takesHeapSnapshot: true, takesScreenshot: true, timeouts: {implicit: 0, pageLoad: 300000, script: 30000}, unexpectedAlertBehaviour: ignore, unhandledPromptBehavior: ignore, version: 74.0.3729.131, webStorageEnabled: true}
Session ID: 2e8d0b1ac18b0c71b2465db77b6fd273
*** Element info: {Using=xpath, value=//a[@href='http://live.guru99.com/index.php/catalog/product_compare/add/product/1/uenc/aHR0cDovL2xpdmUuZ3VydTk5LmNvbS9pbmRleC5waHAvbW9iaWxlLmh0bWw,/form_key/4pJFRY3TWBdEkfTF/']}
at sun.reflect.NativeConstructorAccessorImpl.newInstance0(Native Method)
at sun.reflect.NativeConstructorAccessorImpl.newInstance(NativeConstructorAccessorImpl.java:62)
at sun.reflect.DelegatingConstructorAccessorImpl.newInstance(DelegatingConstructorAccessorImpl.java:45)
at java.lang.reflect.Constructor.newInstance(Constructor.java:423)
at org.openqa.selenium.remote.ErrorHandler.createThrowable(ErrorHandler.java:214)
at org.openqa.selenium.remote.ErrorHandler.throwIfResponseFailed(ErrorHandler.java:166)
at org.openqa.selenium.remote.http.JsonHttpResponseCodec.reconstructValue(JsonHttpResponseCodec.java:40)
at org.openqa.selenium.remote.http.AbstractHttpResponseCodec.decode(AbstractHttpResponseCodec.java:80)
at org.openqa.selenium.remote.http.AbstractHttpResponseCodec.decode(AbstractHttpResponseCodec.java:44)
at org.openqa.selenium.remote.HttpCommandExecutor.execute(HttpCommandExecutor.java:158)
at org.openqa.selenium.remote.service.DriverCommandExecutor.execute(DriverCommandExecutor.java:83)
at org.openqa.selenium.remote.RemoteWebDriver.execute(RemoteWebDriver.java:552)
at org.openqa.selenium.remote.RemoteWebDriver.findElement(RemoteWebDriver.java:323)
at org.openqa.selenium.remote.RemoteWebDriver.findElementByXPath(RemoteWebDriver.java:428)
at org.openqa.selenium.By$ByXPath.findElement(By.java:353)
at org.openqa.selenium.remote.RemoteWebDriver.findElement(RemoteWebDriver.java:315)
at sun.reflect.NativeMethodAccessorImpl.invoke0(Native Method)
at sun.reflect.NativeMethodAccessorImpl.invoke(NativeMethodAccessorImpl.java:62)
at sun.reflect.DelegatingMethodAccessorImpl.invoke(DelegatingMethodAccessorImpl.java:43)
at java.lang.reflect.Method.invoke(Method.java:498)
at org.openqa.selenium.support.events.EventFiringWebDriver.lambda$new$1(EventFiringWebDriver.java:105)
at com.sun.proxy.$Proxy8.findElement(Unknown Source)
at org.openqa.selenium.support.events.EventFiringWebDriver.findElement(EventFiringWebDriver.java:194)
at org.openqa.selenium.support.pagefactory.DefaultElementLocator.findElement(DefaultElementLocator.java:69)
at org.openqa.selenium.support.pagefactory.internal.LocatingElementHandler.invoke(LocatingElementHandler.java:38)
at com.sun.proxy.$Proxy12.click(Unknown Source)
at com.guru99.qa.pages.MobilePage.addtoCompare(MobilePage.java:72)
at com.guru99.qa.tests.Day4.comparePhoneTest(Day4.java:31)
at sun.reflect.NativeMethodAccessorImpl.invoke0(Native Method)
at sun.reflect.NativeMethodAccessorImpl.invoke(NativeMethodAccessorImpl.java:62)
at sun.reflect.DelegatingMethodAccessorImpl.invoke(DelegatingMethodAccessorImpl.java:43)
at java.lang.reflect.Method.invoke(Method.java:498)
at org.testng.internal.MethodInvocationHelper.invokeMethod(MethodInvocationHelper.java:124)
at org.testng.internal.Invoker.invokeMethod(Invoker.java:583)
at org.testng.internal.Invoker.invokeTestMethod(Invoker.java:719)
at org.testng.internal.Invoker.invokeTestMethods(Invoker.java:989)
at org.testng.internal.TestMethodWorker.invokeTestMethods(TestMethodWorker.java:125)
at org.testng.internal.TestMethodWorker.run(TestMethodWorker.java:109)
at org.testng.TestRunner.privateRun(TestRunner.java:648)
at org.testng.TestRunner.run(TestRunner.java:505)
at org.testng.SuiteRunner.runTest(SuiteRunner.java:455)
at org.testng.SuiteRunner.runSequentially(SuiteRunner.java:450)
at org.testng.SuiteRunner.privateRun(SuiteRunner.java:415)
at org.testng.SuiteRunner.run(SuiteRunner.java:364)
at org.testng.SuiteRunnerWorker.runSuite(SuiteRunnerWorker.java:52)
at org.testng.SuiteRunnerWorker.run(SuiteRunnerWorker.java:84)
at org.testng.TestNG.runSuitesSequentially(TestNG.java:1208)
at org.testng.TestNG.runSuitesLocally(TestNG.java:1137)
at org.testng.TestNG.runSuites(TestNG.java:1049)
at org.testng.TestNG.run(TestNG.java:1017)
at org.testng.remote.AbstractRemoteTestNG.run(AbstractRemoteTestNG.java:115)
at org.testng.remote.RemoteTestNG.initAndRun(RemoteTestNG.java:251)
at org.testng.remote.RemoteTestNG.main(RemoteTestNG.java:77)
]]>
            </full-stacktrace>
          </exception> <!-- org.openqa.selenium.NoSuchElementException -->
          <reporter-output>
          </reporter-output>
        </test-method> <!-- comparePhoneTest -->
        <test-method status="PASS" signature="close()[pri:0, instance:com.guru99.qa.tests.Day4@42dafa95]" name="close" is-config="true" duration-ms="858" started-at="2019-05-16T10:25:54Z" finished-at="2019-05-16T10:25:55Z">
          <reporter-output>
          </reporter-output>
        </test-method> <!-- close -->
      </class> <!-- com.guru99.qa.tests.Day4 -->
      <class name="com.guru99.qa.tests.Day3">
        <test-method status="PASS" signature="setUp()[pri:0, instance:com.guru99.qa.tests.Day3@589838eb]" name="setUp" is-config="true" duration-ms="11877" started-at="2019-05-16T10:25:19Z" finished-at="2019-05-16T10:25:31Z">
          <reporter-output>
          </reporter-output>
        </test-method> <!-- setUp -->
        <test-method status="PASS" signature="addtoCartTest()[pri:0, instance:com.guru99.qa.tests.Day3@589838eb]" name="addtoCartTest" duration-ms="1887" started-at="2019-05-16T10:25:31Z" finished-at="2019-05-16T10:25:33Z">
          <reporter-output>
          </reporter-output>
        </test-method> <!-- addtoCartTest -->
        <test-method status="PASS" signature="close()[pri:0, instance:com.guru99.qa.tests.Day3@589838eb]" name="close" is-config="true" duration-ms="765" started-at="2019-05-16T10:25:33Z" finished-at="2019-05-16T10:25:34Z">
          <reporter-output>
          </reporter-output>
        </test-method> <!-- close -->
      </class> <!-- com.guru99.qa.tests.Day3 -->
      <class name="com.guru99.qa.tests.Day5">
        <test-method status="PASS" signature="setUp()[pri:0, instance:com.guru99.qa.tests.Day5@6500df86]" name="setUp" is-config="true" duration-ms="9050" started-at="2019-05-16T10:25:55Z" finished-at="2019-05-16T10:26:05Z">
          <reporter-output>
          </reporter-output>
        </test-method> <!-- setUp -->
        <test-method status="PASS" signature="createAccount(java.lang.String, java.lang.String, java.lang.String, java.lang.String, java.lang.String)[pri:0, instance:com.guru99.qa.tests.Day5@6500df86]" name="createAccount" duration-ms="8907" started-at="2019-05-16T10:26:05Z" data-provider="getRegisterData" finished-at="2019-05-16T10:26:13Z">
          <params>
            <param index="0">
              <value>
                <![CDATA[Mohan]]>
              </value>
            </param>
            <param index="1">
              <value>
                <![CDATA[Rao]]>
              </value>
            </param>
            <param index="2">
              <value>
                <![CDATA[mohancrao31@gmail.com]]>
              </value>
            </param>
            <param index="3">
              <value>
                <![CDATA[Flowers_123]]>
              </value>
            </param>
            <param index="4">
              <value>
                <![CDATA[Flowers_123]]>
              </value>
            </param>
          </params>
          <reporter-output>
          </reporter-output>
        </test-method> <!-- createAccount -->
      </class> <!-- com.guru99.qa.tests.Day5 -->
    </test> <!-- TestExcution -->
  </suite> <!-- Guru99TestSuite -->
</testng-results>
